<?xml version="1.0" encoding="UTF-8"?>
<!-- Generated by org.testng.reporters.JUnitReportReporter -->
<testsuite hostname="INBOOK_X1_SLIM" failures="0" tests="1" name="APIAutomation.restAssured" time="5.219" errors="0" timestamp="21 Jul 2023 07:51:28 GMT" skipped="0">
  <testcase classname="APIAutomation.restAssured" name="print" time="5.219"/>
</testsuite> <!-- APIAutomation.restAssured -->
